<?xml version="1.0" encoding="UTF-8"?>
<!-- Generated by org.testng.reporters.JUnitXMLReporter -->
<testsuite ignored="2" hostname="LTIN207196" failures="0" tests="1" name="Test1" time="44.576" errors="0" timestamp="2024-02-14T12:03:27 IST">
  <testcase classname="testcase.TC2" name="secondcase" time="17.497"/>
  <testcase classname="testcase.TC3" name="thirdcase" time="0.0">
    <ignored/>
  </testcase> <!-- thirdcase -->
  <testcase classname="testcase.TC1" name="makemytrip" time="0.0">
    <ignored/>
  </testcase> <!-- makemytrip -->
</testsuite> <!-- Test1 -->
