<?xml version="1.0" encoding="UTF-8"?>
<testsuite xmlns:xsi="http://www.w3.org/2001/XMLSchema-instance" xsi:noNamespaceSchemaLocation="https://maven.apache.org/surefire/maven-surefire-plugin/xsd/surefire-test-report-3.0.xsd" version="3.0" name="TestSuite" time="164.224" tests="1" errors="0" skipped="0" failures="0">
  <properties>
[...]
</properties>
  <testcase name="secondcase" classname="testcase.TC2" time="17.043">
    <system-out><![CDATA[GIFT CARD PAGE
Number of cards present: 20
The card names are: [Wedding Gift Card, Diwali Gift Card, Staycation Gift Card, Rakshabandhan Gift Card, Luxury Hotels Gift Card, Birthday Card, Best Wishes Gift Card, Anniversary Gift Card, Congratulations Gift Card, Farewell Gift Card, Thank You Gift Card, Mother's Day Gift Card, Father's Day Gift Card, Valentines Day Gift Card, Eid Mubarak Gift Card, Onam Gift Card, Christmas Gift Card, Karvachauth Gift Card, Happy New Year Gift Card, Bhaidoojh Gift Card]
Wedding Gift Card is selected
Buy now clicked
Msg after invalid mail:Please enter a valid Email id.
Second Testcase passed
===========================
]]></system-out>
    <system-err><![CDATA[SLF4J(W): No SLF4J providers were found.
SLF4J(W): Defaulting to no-operation (NOP) logger implementation
SLF4J(W): See https://www.slf4j.org/codes.html#noProviders for further details.
]]></system-err>
  </testcase>
</testsuite>