<?xml version="1.0" encoding="UTF-8"?>
<testng-results ignored="0" total="1" passed="1" failed="0" skipped="0">
  <reporter-output>
  </reporter-output>
  <suite started-at="2024-02-14T12:02:40 IST" name="Suite" finished-at="2024-02-14T12:03:24 IST" duration-ms="44576">
    <groups>
      <group name="giftcards">
        <method signature="TC2.secondcase()[pri:2, instance:testcase.TC2@4b2bac3f]" name="secondcase" class="testcase.TC2"/>
      </group> <!-- giftcards -->
    </groups>
    <test started-at="2024-02-14T12:02:40 IST" name="Test1" finished-at="2024-02-14T12:03:24 IST" duration-ms="44576">
      <class name="testcase.TC2">
        <test-method is-config="true" signature="setup(java.lang.String,java.lang.String)[pri:0, instance:testcase.TC2@4b2bac3f]" started-at="2024-02-14T12:02:41 IST" name="setup" finished-at="2024-02-14T12:03:05 IST" duration-ms="24086" status="PASS">
          <params>
            <param index="0">
              <value>
                <![CDATA[Windows]]>
              </value>
            </param>
            <param index="1">
              <value>
                <![CDATA[edge]]>
              </value>
            </param>
          </params>
          <reporter-output>
          </reporter-output>
        </test-method> <!-- setup -->
        <test-method signature="secondcase()[pri:2, instance:testcase.TC2@4b2bac3f]" started-at="2024-02-14T12:03:05 IST" name="secondcase" finished-at="2024-02-14T12:03:22 IST" duration-ms="17497" status="PASS">
          <reporter-output>
          </reporter-output>
        </test-method> <!-- secondcase -->
        <test-method is-config="true" signature="teardown()[pri:0, instance:testcase.TC2@4b2bac3f]" started-at="2024-02-14T12:03:23 IST" name="teardown" finished-at="2024-02-14T12:03:24 IST" duration-ms="1878" status="PASS">
          <reporter-output>
          </reporter-output>
        </test-method> <!-- teardown -->
      </class> <!-- testcase.TC2 -->
    </test> <!-- Test1 -->
  </suite> <!-- Suite -->
</testng-results>
